0 info it worked if it ends with ok
1 verbose cli [ '/home/niel/.meteor/packages/meteor-tool/.1.4.2_3.17tso1e++os.linux.x86_64+web.browser+web.cordova/mt-os.linux.x86_64/dev_bundle/bin/node',
1 verbose cli   '/home/niel/.meteor/packages/meteor-tool/.1.4.2_3.17tso1e++os.linux.x86_64+web.browser+web.cordova/mt-os.linux.x86_64/dev_bundle/bin/npm',
1 verbose cli   'run',
1 verbose cli   'test:watch' ]
2 info using npm@3.10.9
3 info using node@v4.6.2
4 verbose run-script [ 'pretest:watch', 'test:watch', 'posttest:watch' ]
5 info lifecycle srec@~pretest:watch: srec@
6 silly lifecycle srec@~pretest:watch: no script for pretest:watch, continuing
7 info lifecycle srec@~test:watch: srec@
8 verbose lifecycle srec@~test:watch: unsafe-perm in lifecycle true
9 verbose lifecycle srec@~test:watch: PATH: /home/niel/.meteor/packages/meteor-tool/.1.4.2_3.17tso1e++os.linux.x86_64+web.browser+web.cordova/mt-os.linux.x86_64/dev_bundle/lib/node_modules/npm/bin/node-gyp-bin:/home/niel/Lab/meteor/srec/node_modules/.bin:/home/niel/.meteor/packages/meteor-tool/.1.4.2_3.17tso1e++os.linux.x86_64+web.browser+web.cordova/mt-os.linux.x86_64/dev_bundle/bin:/home/niel/.meteor/packages/meteor-tool/.1.4.2_3.17tso1e++os.linux.x86_64+web.browser+web.cordova/mt-os.linux.x86_64/dev_bundle/lib/node_modules/.bin:/home/niel/.nvm/versions/node/v7.1.0/bin:/usr/local/sbin:/usr/local/bin:/usr/bin:/usr/lib/jvm/default/bin:/usr/bin/site_perl:/usr/bin/vendor_perl:/usr/bin/core_perl:/home/niel/Android/Sdk/platform-tools:/home/niel/Android/Sdk/tools
10 verbose lifecycle srec@~test:watch: CWD: /home/niel/Lab/meteor/srec
11 silly lifecycle srec@~test:watch: Args: [ '-c', 'meteor test --driver-package sanjo:jasmine' ]
12 silly lifecycle srec@~test:watch: Returned: code: 254  signal: null
13 info lifecycle srec@~test:watch: Failed to exec test:watch script
14 verbose stack Error: srec@ test:watch: `meteor test --driver-package sanjo:jasmine`
14 verbose stack Exit status 254
14 verbose stack     at EventEmitter.<anonymous> (/home/niel/.meteor/packages/meteor-tool/.1.4.2_3.17tso1e++os.linux.x86_64+web.browser+web.cordova/mt-os.linux.x86_64/dev_bundle/lib/node_modules/npm/lib/utils/lifecycle.js:255:16)
14 verbose stack     at emitTwo (events.js:87:13)
14 verbose stack     at EventEmitter.emit (events.js:172:7)
14 verbose stack     at ChildProcess.<anonymous> (/home/niel/.meteor/packages/meteor-tool/.1.4.2_3.17tso1e++os.linux.x86_64+web.browser+web.cordova/mt-os.linux.x86_64/dev_bundle/lib/node_modules/npm/lib/utils/spawn.js:40:14)
14 verbose stack     at emitTwo (events.js:87:13)
14 verbose stack     at ChildProcess.emit (events.js:172:7)
14 verbose stack     at maybeClose (internal/child_process.js:854:16)
14 verbose stack     at Process.ChildProcess._handle.onexit (internal/child_process.js:222:5)
15 verbose pkgid srec@
16 verbose cwd /home/niel/Lab/meteor/srec
17 error Linux 4.8.8-2-ARCH
18 error argv "/home/niel/.meteor/packages/meteor-tool/.1.4.2_3.17tso1e++os.linux.x86_64+web.browser+web.cordova/mt-os.linux.x86_64/dev_bundle/bin/node" "/home/niel/.meteor/packages/meteor-tool/.1.4.2_3.17tso1e++os.linux.x86_64+web.browser+web.cordova/mt-os.linux.x86_64/dev_bundle/bin/npm" "run" "test:watch"
19 error node v4.6.2
20 error npm  v3.10.9
21 error code ELIFECYCLE
22 error srec@ test:watch: `meteor test --driver-package sanjo:jasmine`
22 error Exit status 254
23 error Failed at the srec@ test:watch script 'meteor test --driver-package sanjo:jasmine'.
23 error Make sure you have the latest version of node.js and npm installed.
23 error If you do, this is most likely a problem with the srec package,
23 error not with npm itself.
23 error Tell the author that this fails on your system:
23 error     meteor test --driver-package sanjo:jasmine
23 error You can get information on how to open an issue for this project with:
23 error     npm bugs srec
23 error Or if that isn't available, you can get their info via:
23 error     npm owner ls srec
23 error There is likely additional logging output above.
24 verbose exit [ 1, true ]
